This is TeX, C Version 2.93 (preloaded format=lplain 89.10.19)  19 MAR 1991 11:05
**&/system/common/tools/lib/tex/inputs/lplain ga_code.tex
(ga_code.tex
LaTeX Version 2.09 <26 Apr 1988>
(/system/common/tools/lib/tex/inputs/article.sty
Document Style `article' <16 Mar 88>.
(/system/common/tools/lib/tex/inputs/art12.sty)
\c@part=\count78
\c@section=\count79
\c@subsection=\count80
\c@subsubsection=\count81
\c@paragraph=\count82
\c@subparagraph=\count83
\c@figure=\count84
\c@table=\count85
)
No file ga_code.aux.
[1

] [2] [3] [4] [5] [6] [7] [8] [9] [10] [11] [12] (ga_code.aux) 
Here is how much of TeX's memory you used:
 140 strings out of 1512
 1381 string characters out of 9078
 32651 words of memory out of 65531
 2083 multiletter control sequences out of 3000
 18996 words of font info for 72 fonts, out of 36000 for 120
 14 hyphenation exceptions out of 307
 13i,5n,15p,204b,256s stack positions out of 200i,40n,60p,2000b,2000s

Output written on ga_code.dvi (12 pages, 31424 bytes).
