This is TeX, C Version 3.14t3 (format=lplain 92.5.7)  3 JUL 1992 17:35
**&lplain-3.14 GENEsYs
(GENEsYs.tex
LaTeX Version 2.09 <25 March 1992>
(/usr/local/TeX/lib/inputs/article.sty
Standard Document Style `article' <14 Jan 92>.
(/usr/local/TeX/lib/inputs/art12.sty)
\c@part=\count79
\c@section=\count80
\c@subsection=\count81
\c@subsubsection=\count82
\c@paragraph=\count83
\c@subparagraph=\count84
\c@figure=\count85
\c@table=\count86
) (GENEsYs.sty = EA macros = ES macros
= GA macros (/usr/local/TeX/lib/inputs/psfig.tex
\@unused=\write3

psfig/tex 1.2-dvi2ps-li
\ps@stream=\read1
)
\@psTextWidth=\dimen99
\@MTcnt=\count87
) (GENEsYs-dcl.tex) (GENEsYs.aux) (GENEsYs-abs.tex) [1

] (GENEsYs.toc [2])
\tf@toc=\write4

[3] (GENEsYs-ist.tex) (GENEsYs-int.tex [4] [5]) [6] (GENEsYs-pro.tex [7]
[8] [9] [10] [11]
psfig: searching fig-mut1.ps for bounding box
psfig: including fig-mut1.ps 
psfig: searching fig-mut2.ps for bounding box
psfig: including fig-mut2.ps 
[12]
psfig: searching fig-cross.ps for bounding box
psfig: including fig-cross.ps 
[13]) [14] (GENEsYs-opt.tex [15] [16] [17] [18] [19] [20] [21] [22] [23]
[24] [25] [26] [27] [28] [29]) [30] (GENEsYs-rep.tex) [31] (GENEsYs-mod.tex
(GENEsYs-f01c.tex
\indentation=\skip41
 [32]) (GENEsYs-f12c.tex [33]) [34] (GENEsYs-ftabc.tex
[35]) [36]) [37] (GENEsYs-fct.tex [38] [39] [40] [41] [42] [43] [44])
(GENEsYs-ack.tex) (GENEsYs.bbl [45] [46] [47]) [48] (GENEsYs.aux) ) 
Here is how much of TeX's memory you used:
 563 strings out of 4451
 5165 string characters out of 63162
 42531 words of memory out of 262141
 2454 multiletter control sequences out of 9500
 21676 words of font info for 81 fonts, out of 72000 for 255
 14 hyphenation exceptions out of 607
 19i,12n,20p,503b,452s stack positions out of 300i,40n,60p,3000b,4000s

Output written on GENEsYs.dvi (48 pages, 122600 bytes).
